[2020-12-06 22:15:38] local.ERROR: View [front-end.home] not found. {"exception":"[object] (InvalidArgumentException(code: 0): View [front-end.home] not found. at C:\\Users\\Mwangi Muthui\\Desktop\\Programs\\smartdoctor\\vendor\\laravel\\framework\\src\\Illuminate\\View\\FileViewFinder.php:137)
[stacktrace]
#0 C:\\Users\\Mwangi Muthui\\Desktop\\Programs\\smartdoctor\\vendor\\laravel\\framework\\src\\Illuminate\\View\\FileViewFinder.php(79): Illuminate\\View\\FileViewFinder->findInPaths('front-end.home', Array)
#1 C:\\Users\\Mwangi Muthui\\Desktop\\Programs\\smartdoctor\\vendor\\laravel\\framework\\src\\Illuminate\\View\\Factory.php(131): Illuminate\\View\\FileViewFinder->find('front-end.home')
#2 C:\\Users\\Mwangi Muthui\\Desktop\\Programs\\smartdoctor\\vendor\\laravel\\framework\\src\\Illuminate\\Routing\\ViewController.php(37): Illuminate\\View\\Factory->make('front-end.home', Array)
#3 [internal function]: Illuminate\\Routing\\ViewController->__invoke('front-end.home', Array)
#4 C:\\Users\\Mwangi Muthui\\Desktop\\Programs\\smartdoctor\\vendor\\laravel\\framework\\src\\Illuminate\\Routing\\Controller.php(54): call_user_func_array(Array, Array)
#5 C:\\Users\\Mwangi Muthui\\Desktop\\Programs\\smartdoctor\\vendor\\laravel\\framework\\src\\Illuminate\\Routing\\ControllerDispatcher.php(45): Illuminate\\Routing\\Controller->callAction('__invoke', Array)
#6 C:\\Users\\Mwangi Muthui\\Desktop\\Programs\\smartdoctor\\vendor\\laravel\\framework\\src\\Illuminate\\Routing\\Route.php(219): Illuminate\\Routing\\ControllerDispatcher->dispatch(Object(Illuminate\\Routing\\Route), Object(Illuminate\\Routing\\ViewController), '__invoke')
#7 C:\\Users\\Mwangi Muthui\\Desktop\\Programs\\smartdoctor\\vendor\\laravel\\framework\\src\\Illuminate\\Routing\\Route.php(176): Illuminate\\Routing\\Route->runController()
#8 C:\\Users\\Mwangi Muthui\\Desktop\\Programs\\smartdoctor\\vendor\\laravel\\framework\\src\\Illuminate\\Routing\\Router.php(681): Illuminate\\Routing\\Route->run()
#9 C:\\Users\\Mwangi Muthui\\Desktop\\Programs\\smartdoctor\\vendor\\laravel\\framework\\src\\Illuminate\\Pipeline\\Pipeline.php(130): Illuminate\\Routing\\Router->Illuminate\\Routing\\{closure}(Object(Illuminate\\Http\\Request))
#10 C:\\Users\\Mwangi Muthui\\Desktop\\Programs\\smartdoctor\\vendor\\laravel\\framework\\src\\Illuminate\\Routing\\Middleware\\SubstituteBindings.php(41): Illuminate\\Pipeline\\Pipeline->Illuminate\\Pipeline\\{closure}(Object(Illuminate\\Http\\Request))
#11 C:\\Users\\Mwangi Muthui\\Desktop\\Programs\\smartdoctor\\vendor\\laravel\\framework\\src\\Illuminate\\Pipeline\\Pipeline.php(171): Illuminate\\Routing\\Middleware\\SubstituteBindings->handle(Object(Illuminate\\Http\\Request), Object(Closure))
#12 C:\\Users\\Mwangi Muthui\\Desktop\\Programs\\smartdoctor\\vendor\\laravel\\framework\\src\\Illuminate\\Foundation\\Http\\Middleware\\VerifyCsrfToken.php(77): Illuminate\\Pipeline\\Pipeline->Illuminate\\Pipeline\\{closure}(Object(Illuminate\\Http\\Request))
#13 C:\\Users\\Mwangi Muthui\\Desktop\\Programs\\smartdoctor\\vendor\\laravel\\framework\\src\\Illuminate\\Pipeline\\Pipeline.php(171): Illuminate\\Foundation\\Http\\Middleware\\VerifyCsrfToken->handle(Object(Illuminate\\Http\\Request), Object(Closure))
#14 C:\\Users\\Mwangi Muthui\\Desktop\\Programs\\smartdoctor\\vendor\\laravel\\framework\\src\\Illuminate\\View\\Middleware\\ShareErrorsFromSession.php(49): Illuminate\\Pipeline\\Pipeline->Illuminate\\Pipeline\\{closure}(Object(Illuminate\\Http\\Request))
#15 C:\\Users\\Mwangi Muthui\\Desktop\\Programs\\smartdoctor\\vendor\\laravel\\framework\\src\\Illuminate\\Pipeline\\Pipeline.php(171): Illuminate\\View\\Middleware\\ShareErrorsFromSession->handle(Object(Illuminate\\Http\\Request), Object(Closure))
#16 C:\\Users\\Mwangi Muthui\\Desktop\\Programs\\smartdoctor\\vendor\\laravel\\framework\\src\\Illuminate\\Session\\Middleware\\StartSession.php(56): Illuminate\\Pipeline\\Pipeline->Illuminate\\Pipeline\\{closure}(Object(Illuminate\\Http\\Request))
#17 C:\\Users\\Mwangi Muthui\\Desktop\\Programs\\smartdoctor\\vendor\\laravel\\framework\\src\\Illuminate\\Pipeline\\Pipeline.php(171): Illuminate\\Session\\Middleware\\StartSession->handle(Object(Illuminate\\Http\\Request), Object(Closure))
#18 C:\\Users\\Mwangi Muthui\\Desktop\\Programs\\smartdoctor\\vendor\\laravel\\framework\\src\\Illuminate\\Cookie\\Middleware\\AddQueuedCookiesToResponse.php(37): Illuminate\\Pipeline\\Pipeline->Illuminate\\Pipeline\\{closure}(Object(Illuminate\\Http\\Request))
#19 C:\\Users\\Mwangi Muthui\\Desktop\\Programs\\smartdoctor\\vendor\\laravel\\framework\\src\\Illuminate\\Pipeline\\Pipeline.php(171): Illuminate\\Cookie\\Middleware\\AddQueuedCookiesToResponse->handle(Object(Illuminate\\Http\\Request), Object(Closure))
#20 C:\\Users\\Mwangi Muthui\\Desktop\\Programs\\smartdoctor\\vendor\\laravel\\framework\\src\\Illuminate\\Cookie\\Middleware\\EncryptCookies.php(67): Illuminate\\Pipeline\\Pipeline->Illuminate\\Pipeline\\{closure}(Object(Illuminate\\Http\\Request))
#21 C:\\Users\\Mwangi Muthui\\Desktop\\Programs\\smartdoctor\\vendor\\laravel\\framework\\src\\Illuminate\\Pipeline\\Pipeline.php(171): Illuminate\\Cookie\\Middleware\\EncryptCookies->handle(Object(Illuminate\\Http\\Request), Object(Closure))
#22 C:\\Users\\Mwangi Muthui\\Desktop\\Programs\\smartdoctor\\vendor\\laravel\\framework\\src\\Illuminate\\Pipeline\\Pipeline.php(105): Illuminate\\Pipeline\\Pipeline->Illuminate\\Pipeline\\{closure}(Object(Illuminate\\Http\\Request))
#23 C:\\Users\\Mwangi Muthui\\Desktop\\Programs\\smartdoctor\\vendor\\laravel\\framework\\src\\Illuminate\\Routing\\Router.php(683): Illuminate\\Pipeline\\Pipeline->then(Object(Closure))
#24 C:\\Users\\Mwangi Muthui\\Desktop\\Programs\\smartdoctor\\vendor\\laravel\\framework\\src\\Illuminate\\Routing\\Router.php(658): Illuminate\\Routing\\Router->runRouteWithinStack(Object(Illuminate\\Routing\\Route), Object(Illuminate\\Http\\Request))
#25 C:\\Users\\Mwangi Muthui\\Desktop\\Programs\\smartdoctor\\vendor\\laravel\\framework\\src\\Illuminate\\Routing\\Router.php(624): Illuminate\\Routing\\Router->runRoute(Object(Illuminate\\Http\\Request), Object(Illuminate\\Routing\\Route))
#26 C:\\Users\\Mwangi Muthui\\Desktop\\Programs\\smartdoctor\\vendor\\laravel\\framework\\src\\Illuminate\\Routing\\Router.php(613): Illuminate\\Routing\\Router->dispatchToRoute(Object(Illuminate\\Http\\Request))
#27 C:\\Users\\Mwangi Muthui\\Desktop\\Programs\\smartdoctor\\vendor\\laravel\\framework\\src\\Illuminate\\Foundation\\Http\\Kernel.php(170): Illuminate\\Routing\\Router->dispatch(Object(Illuminate\\Http\\Request))
#28 C:\\Users\\Mwangi Muthui\\Desktop\\Programs\\smartdoctor\\vendor\\laravel\\framework\\src\\Illuminate\\Pipeline\\Pipeline.php(130): Illuminate\\Foundation\\Http\\Kernel->Illuminate\\Foundation\\Http\\{closure}(Object(Illuminate\\Http\\Request))
#29 C:\\Users\\Mwangi Muthui\\Desktop\\Programs\\smartdoctor\\vendor\\laravel\\framework\\src\\Illuminate\\Foundation\\Http\\Middleware\\TransformsRequest.php(21): Illuminate\\Pipeline\\Pipeline->Illuminate\\Pipeline\\{closure}(Object(Illuminate\\Http\\Request))
#30 C:\\Users\\Mwangi Muthui\\Desktop\\Programs\\smartdoctor\\vendor\\laravel\\framework\\src\\Illuminate\\Pipeline\\Pipeline.php(171): Illuminate\\Foundation\\Http\\Middleware\\TransformsRequest->handle(Object(Illuminate\\Http\\Request), Object(Closure))
#31 C:\\Users\\Mwangi Muthui\\Desktop\\Programs\\smartdoctor\\vendor\\laravel\\framework\\src\\Illuminate\\Foundation\\Http\\Middleware\\TransformsRequest.php(21): Illuminate\\Pipeline\\Pipeline->Illuminate\\Pipeline\\{closure}(Object(Illuminate\\Http\\Request))
#32 C:\\Users\\Mwangi Muthui\\Desktop\\Programs\\smartdoctor\\vendor\\laravel\\framework\\src\\Illuminate\\Pipeline\\Pipeline.php(171): Illuminate\\Foundation\\Http\\Middleware\\TransformsRequest->handle(Object(Illuminate\\Http\\Request), Object(Closure))
#33 C:\\Users\\Mwangi Muthui\\Desktop\\Programs\\smartdoctor\\vendor\\laravel\\framework\\src\\Illuminate\\Foundation\\Http\\Middleware\\ValidatePostSize.php(27): Illuminate\\Pipeline\\Pipeline->Illuminate\\Pipeline\\{closure}(Object(Illuminate\\Http\\Request))
#34 C:\\Users\\Mwangi Muthui\\Desktop\\Programs\\smartdoctor\\vendor\\laravel\\framework\\src\\Illuminate\\Pipeline\\Pipeline.php(171): Illuminate\\Foundation\\Http\\Middleware\\ValidatePostSize->handle(Object(Illuminate\\Http\\Request), Object(Closure))
#35 C:\\Users\\Mwangi Muthui\\Desktop\\Programs\\smartdoctor\\vendor\\laravel\\framework\\src\\Illuminate\\Foundation\\Http\\Middleware\\CheckForMaintenanceMode.php(63): Illuminate\\Pipeline\\Pipeline->Illuminate\\Pipeline\\{closure}(Object(Illuminate\\Http\\Request))
#36 C:\\Users\\Mwangi Muthui\\Desktop\\Programs\\smartdoctor\\vendor\\laravel\\framework\\src\\Illuminate\\Pipeline\\Pipeline.php(171): Illuminate\\Foundation\\Http\\Middleware\\CheckForMaintenanceMode->handle(Object(Illuminate\\Http\\Request), Object(Closure))
#37 C:\\Users\\Mwangi Muthui\\Desktop\\Programs\\smartdoctor\\vendor\\fideloper\\proxy\\src\\TrustProxies.php(57): Illuminate\\Pipeline\\Pipeline->Illuminate\\Pipeline\\{closure}(Object(Illuminate\\Http\\Request))
#38 C:\\Users\\Mwangi Muthui\\Desktop\\Programs\\smartdoctor\\vendor\\laravel\\framework\\src\\Illuminate\\Pipeline\\Pipeline.php(171): Fideloper\\Proxy\\TrustProxies->handle(Object(Illuminate\\Http\\Request), Object(Closure))
#39 C:\\Users\\Mwangi Muthui\\Desktop\\Programs\\smartdoctor\\vendor\\laravel\\framework\\src\\Illuminate\\Pipeline\\Pipeline.php(105): Illuminate\\Pipeline\\Pipeline->Illuminate\\Pipeline\\{closure}(Object(Illuminate\\Http\\Request))
#40 C:\\Users\\Mwangi Muthui\\Desktop\\Programs\\smartdoctor\\vendor\\laravel\\framework\\src\\Illuminate\\Foundation\\Http\\Kernel.php(145): Illuminate\\Pipeline\\Pipeline->then(Object(Closure))
#41 C:\\Users\\Mwangi Muthui\\Desktop\\Programs\\smartdoctor\\vendor\\laravel\\framework\\src\\Illuminate\\Foundation\\Http\\Kernel.php(110): Illuminate\\Foundation\\Http\\Kernel->sendRequestThroughRouter(Object(Illuminate\\Http\\Request))
#42 C:\\Users\\Mwangi Muthui\\Desktop\\Programs\\smartdoctor\\public\\index.php(55): Illuminate\\Foundation\\Http\\Kernel->handle(Object(Illuminate\\Http\\Request))
#43 C:\\Users\\Mwangi Muthui\\Desktop\\Programs\\smartdoctor\\server.php(21): require_once('C:\\\\Users\\\\Mwangi...')
#44 {main}
"} 
[2020-12-06 22:15:40] local.ERROR: file_put_contents(C:\Users\Mwangi Muthui\Desktop\Programs\smartdoctor\system\storage\framework/sessions/VtNwosldlxJ5TFTfns0I6grGDgel7phYjjmwB6FC): failed to open stream: No such file or directory {"exception":"[object] (ErrorException(code: 0): file_put_contents(C:\\Users\\Mwangi Muthui\\Desktop\\Programs\\smartdoctor\\system\\storage\\framework/sessions/VtNwosldlxJ5TFTfns0I6grGDgel7phYjjmwB6FC): failed to open stream: No such file or directory at C:\\Users\\Mwangi Muthui\\Desktop\\Programs\\smartdoctor\\vendor\\laravel\\framework\\src\\Illuminate\\Filesystem\\Filesystem.php:133)
[stacktrace]
#0 [internal function]: Illuminate\\Foundation\\Bootstrap\\HandleExceptions->handleError(2, 'file_put_conten...', 'C:\\\\Users\\\\Mwangi...', 133, Array)
#1 C:\\Users\\Mwangi Muthui\\Desktop\\Programs\\smartdoctor\\vendor\\laravel\\framework\\src\\Illuminate\\Filesystem\\Filesystem.php(133): file_put_contents('C:\\\\Users\\\\Mwangi...', 'a:3:{s:6:\"_toke...', 2)
#2 C:\\Users\\Mwangi Muthui\\Desktop\\Programs\\smartdoctor\\vendor\\laravel\\framework\\src\\Illuminate\\Session\\FileSessionHandler.php(83): Illuminate\\Filesystem\\Filesystem->put('C:\\\\Users\\\\Mwangi...', 'a:3:{s:6:\"_toke...', true)
#3 C:\\Users\\Mwangi Muthui\\Desktop\\Programs\\smartdoctor\\vendor\\laravel\\framework\\src\\Illuminate\\Session\\Store.php(129): Illuminate\\Session\\FileSessionHandler->write('VtNwosldlxJ5TFT...', 'a:3:{s:6:\"_toke...')
#4 C:\\Users\\Mwangi Muthui\\Desktop\\Programs\\smartdoctor\\vendor\\laravel\\framework\\src\\Illuminate\\Session\\Middleware\\StartSession.php(170): Illuminate\\Session\\Store->save()
#5 C:\\Users\\Mwangi Muthui\\Desktop\\Programs\\smartdoctor\\vendor\\laravel\\framework\\src\\Illuminate\\Session\\Middleware\\StartSession.php(65): Illuminate\\Session\\Middleware\\StartSession->saveSession(Object(Illuminate\\Http\\Request))
#6 C:\\Users\\Mwangi Muthui\\Desktop\\Programs\\smartdoctor\\vendor\\laravel\\framework\\src\\Illuminate\\Pipeline\\Pipeline.php(171): Illuminate\\Session\\Middleware\\StartSession->handle(Object(Illuminate\\Http\\Request), Object(Closure))
#7 C:\\Users\\Mwangi Muthui\\Desktop\\Programs\\smartdoctor\\vendor\\laravel\\framework\\src\\Illuminate\\Cookie\\Middleware\\AddQueuedCookiesToResponse.php(37): Illuminate\\Pipeline\\Pipeline->Illuminate\\Pipeline\\{closure}(Object(Illuminate\\Http\\Request))
#8 C:\\Users\\Mwangi Muthui\\Desktop\\Programs\\smartdoctor\\vendor\\laravel\\framework\\src\\Illuminate\\Pipeline\\Pipeline.php(171): Illuminate\\Cookie\\Middleware\\AddQueuedCookiesToResponse->handle(Object(Illuminate\\Http\\Request), Object(Closure))
#9 C:\\Users\\Mwangi Muthui\\Desktop\\Programs\\smartdoctor\\vendor\\laravel\\framework\\src\\Illuminate\\Cookie\\Middleware\\EncryptCookies.php(67): Illuminate\\Pipeline\\Pipeline->Illuminate\\Pipeline\\{closure}(Object(Illuminate\\Http\\Request))
#10 C:\\Users\\Mwangi Muthui\\Desktop\\Programs\\smartdoctor\\vendor\\laravel\\framework\\src\\Illuminate\\Pipeline\\Pipeline.php(171): Illuminate\\Cookie\\Middleware\\EncryptCookies->handle(Object(Illuminate\\Http\\Request), Object(Closure))
#11 C:\\Users\\Mwangi Muthui\\Desktop\\Programs\\smartdoctor\\vendor\\laravel\\framework\\src\\Illuminate\\Pipeline\\Pipeline.php(105): Illuminate\\Pipeline\\Pipeline->Illuminate\\Pipeline\\{closure}(Object(Illuminate\\Http\\Request))
#12 C:\\Users\\Mwangi Muthui\\Desktop\\Programs\\smartdoctor\\vendor\\laravel\\framework\\src\\Illuminate\\Routing\\Router.php(683): Illuminate\\Pipeline\\Pipeline->then(Object(Closure))
#13 C:\\Users\\Mwangi Muthui\\Desktop\\Programs\\smartdoctor\\vendor\\laravel\\framework\\src\\Illuminate\\Routing\\Router.php(658): Illuminate\\Routing\\Router->runRouteWithinStack(Object(Illuminate\\Routing\\Route), Object(Illuminate\\Http\\Request))
#14 C:\\Users\\Mwangi Muthui\\Desktop\\Programs\\smartdoctor\\vendor\\laravel\\framework\\src\\Illuminate\\Routing\\Router.php(624): Illuminate\\Routing\\Router->runRoute(Object(Illuminate\\Http\\Request), Object(Illuminate\\Routing\\Route))
#15 C:\\Users\\Mwangi Muthui\\Desktop\\Programs\\smartdoctor\\vendor\\laravel\\framework\\src\\Illuminate\\Routing\\Router.php(613): Illuminate\\Routing\\Router->dispatchToRoute(Object(Illuminate\\Http\\Request))
#16 C:\\Users\\Mwangi Muthui\\Desktop\\Programs\\smartdoctor\\vendor\\laravel\\framework\\src\\Illuminate\\Foundation\\Http\\Kernel.php(170): Illuminate\\Routing\\Router->dispatch(Object(Illuminate\\Http\\Request))
#17 C:\\Users\\Mwangi Muthui\\Desktop\\Programs\\smartdoctor\\vendor\\laravel\\framework\\src\\Illuminate\\Pipeline\\Pipeline.php(130): Illuminate\\Foundation\\Http\\Kernel->Illuminate\\Foundation\\Http\\{closure}(Object(Illuminate\\Http\\Request))
#18 C:\\Users\\Mwangi Muthui\\Desktop\\Programs\\smartdoctor\\vendor\\laravel\\framework\\src\\Illuminate\\Foundation\\Http\\Middleware\\TransformsRequest.php(21): Illuminate\\Pipeline\\Pipeline->Illuminate\\Pipeline\\{closure}(Object(Illuminate\\Http\\Request))
#19 C:\\Users\\Mwangi Muthui\\Desktop\\Programs\\smartdoctor\\vendor\\laravel\\framework\\src\\Illuminate\\Pipeline\\Pipeline.php(171): Illuminate\\Foundation\\Http\\Middleware\\TransformsRequest->handle(Object(Illuminate\\Http\\Request), Object(Closure))
#20 C:\\Users\\Mwangi Muthui\\Desktop\\Programs\\smartdoctor\\vendor\\laravel\\framework\\src\\Illuminate\\Foundation\\Http\\Middleware\\TransformsRequest.php(21): Illuminate\\Pipeline\\Pipeline->Illuminate\\Pipeline\\{closure}(Object(Illuminate\\Http\\Request))
#21 C:\\Users\\Mwangi Muthui\\Desktop\\Programs\\smartdoctor\\vendor\\laravel\\framework\\src\\Illuminate\\Pipeline\\Pipeline.php(171): Illuminate\\Foundation\\Http\\Middleware\\TransformsRequest->handle(Object(Illuminate\\Http\\Request), Object(Closure))
#22 C:\\Users\\Mwangi Muthui\\Desktop\\Programs\\smartdoctor\\vendor\\laravel\\framework\\src\\Illuminate\\Foundation\\Http\\Middleware\\ValidatePostSize.php(27): Illuminate\\Pipeline\\Pipeline->Illuminate\\Pipeline\\{closure}(Object(Illuminate\\Http\\Request))
#23 C:\\Users\\Mwangi Muthui\\Desktop\\Programs\\smartdoctor\\vendor\\laravel\\framework\\src\\Illuminate\\Pipeline\\Pipeline.php(171): Illuminate\\Foundation\\Http\\Middleware\\ValidatePostSize->handle(Object(Illuminate\\Http\\Request), Object(Closure))
#24 C:\\Users\\Mwangi Muthui\\Desktop\\Programs\\smartdoctor\\vendor\\laravel\\framework\\src\\Illuminate\\Foundation\\Http\\Middleware\\CheckForMaintenanceMode.php(63): Illuminate\\Pipeline\\Pipeline->Illuminate\\Pipeline\\{closure}(Object(Illuminate\\Http\\Request))
#25 C:\\Users\\Mwangi Muthui\\Desktop\\Programs\\smartdoctor\\vendor\\laravel\\framework\\src\\Illuminate\\Pipeline\\Pipeline.php(171): Illuminate\\Foundation\\Http\\Middleware\\CheckForMaintenanceMode->handle(Object(Illuminate\\Http\\Request), Object(Closure))
#26 C:\\Users\\Mwangi Muthui\\Desktop\\Programs\\smartdoctor\\vendor\\fideloper\\proxy\\src\\TrustProxies.php(57): Illuminate\\Pipeline\\Pipeline->Illuminate\\Pipeline\\{closure}(Object(Illuminate\\Http\\Request))
#27 C:\\Users\\Mwangi Muthui\\Desktop\\Programs\\smartdoctor\\vendor\\laravel\\framework\\src\\Illuminate\\Pipeline\\Pipeline.php(171): Fideloper\\Proxy\\TrustProxies->handle(Object(Illuminate\\Http\\Request), Object(Closure))
#28 C:\\Users\\Mwangi Muthui\\Desktop\\Programs\\smartdoctor\\vendor\\laravel\\framework\\src\\Illuminate\\Pipeline\\Pipeline.php(105): Illuminate\\Pipeline\\Pipeline->Illuminate\\Pipeline\\{closure}(Object(Illuminate\\Http\\Request))
#29 C:\\Users\\Mwangi Muthui\\Desktop\\Programs\\smartdoctor\\vendor\\laravel\\framework\\src\\Illuminate\\Foundation\\Http\\Kernel.php(145): Illuminate\\Pipeline\\Pipeline->then(Object(Closure))
#30 C:\\Users\\Mwangi Muthui\\Desktop\\Programs\\smartdoctor\\vendor\\laravel\\framework\\src\\Illuminate\\Foundation\\Http\\Kernel.php(110): Illuminate\\Foundation\\Http\\Kernel->sendRequestThroughRouter(Object(Illuminate\\Http\\Request))
#31 C:\\Users\\Mwangi Muthui\\Desktop\\Programs\\smartdoctor\\public\\index.php(55): Illuminate\\Foundation\\Http\\Kernel->handle(Object(Illuminate\\Http\\Request))
#32 C:\\Users\\Mwangi Muthui\\Desktop\\Programs\\smartdoctor\\server.php(21): require_once('C:\\\\Users\\\\Mwangi...')
#33 {main}
"} 
